C:\Users\scienter\Documents\loanReq\API\API\fileUploader\dotnet-core-file-upload\StartProject\UploadFilesClient\dist\out-tsc\e2e\src\app.po.js
C:\Users\scienter\Documents\loanReq\API\API\fileUploader\dotnet-core-file-upload\StartProject\UploadFilesClient\dist\out-tsc\e2e\src\app.po.js.map
C:\Users\scienter\Documents\loanReq\API\API\fileUploader\dotnet-core-file-upload\StartProject\UploadFilesClient\dist\out-tsc\e2e\src\app.e2e-spec.js
C:\Users\scienter\Documents\loanReq\API\API\fileUploader\dotnet-core-file-upload\StartProject\UploadFilesClient\dist\out-tsc\e2e\src\app.e2e-spec.js.map
C:\Users\scienter\Documents\loanReq\API\API\fileUploader\dotnet-core-file-upload\StartProject\UploadFilesClient\dist\out-tsc\src\app\_interfaces\userToCreate.model.js
C:\Users\scienter\Documents\loanReq\API\API\fileUploader\dotnet-core-file-upload\StartProject\UploadFilesClient\dist\out-tsc\src\app\_interfaces\userToCreate.model.js.map
C:\Users\scienter\Documents\loanReq\API\API\fileUploader\dotnet-core-file-upload\StartProject\UploadFilesClient\dist\out-tsc\src\app\_interfaces\user.model.js
C:\Users\scienter\Documents\loanReq\API\API\fileUploader\dotnet-core-file-upload\StartProject\UploadFilesClient\dist\out-tsc\src\app\_interfaces\user.model.js.map
C:\Users\scienter\Documents\loanReq\API\API\fileUploader\dotnet-core-file-upload\StartProject\UploadFilesClient\dist\out-tsc\src\app\app.component.js
C:\Users\scienter\Documents\loanReq\API\API\fileUploader\dotnet-core-file-upload\StartProject\UploadFilesClient\dist\out-tsc\src\app\app.component.js.map
C:\Users\scienter\Documents\loanReq\API\API\fileUploader\dotnet-core-file-upload\StartProject\UploadFilesClient\dist\out-tsc\src\app\app.module.js
C:\Users\scienter\Documents\loanReq\API\API\fileUploader\dotnet-core-file-upload\StartProject\UploadFilesClient\dist\out-tsc\src\app\app.module.js.map
C:\Users\scienter\Documents\loanReq\API\API\fileUploader\dotnet-core-file-upload\StartProject\UploadFilesClient\dist\out-tsc\src\environments\environment.js
C:\Users\scienter\Documents\loanReq\API\API\fileUploader\dotnet-core-file-upload\StartProject\UploadFilesClient\dist\out-tsc\src\environments\environment.js.map
C:\Users\scienter\Documents\loanReq\API\API\fileUploader\dotnet-core-file-upload\StartProject\UploadFilesClient\dist\out-tsc\src\main.js
C:\Users\scienter\Documents\loanReq\API\API\fileUploader\dotnet-core-file-upload\StartProject\UploadFilesClient\dist\out-tsc\src\main.js.map
C:\Users\scienter\Documents\loanReq\API\API\fileUploader\dotnet-core-file-upload\StartProject\UploadFilesClient\dist\out-tsc\src\polyfills.js
C:\Users\scienter\Documents\loanReq\API\API\fileUploader\dotnet-core-file-upload\StartProject\UploadFilesClient\dist\out-tsc\src\polyfills.js.map
C:\Users\scienter\Documents\loanReq\API\API\fileUploader\dotnet-core-file-upload\StartProject\UploadFilesClient\dist\out-tsc\src\test.js
C:\Users\scienter\Documents\loanReq\API\API\fileUploader\dotnet-core-file-upload\StartProject\UploadFilesClient\dist\out-tsc\src\test.js.map
C:\Users\scienter\Documents\loanReq\API\API\fileUploader\dotnet-core-file-upload\StartProject\UploadFilesClient\dist\out-tsc\src\environments\environment.prod.js
C:\Users\scienter\Documents\loanReq\API\API\fileUploader\dotnet-core-file-upload\StartProject\UploadFilesClient\dist\out-tsc\src\environments\environment.prod.js.map
